Mon Aug 12 23:22:31 2013 [ACTIVITY_ACCOUNT_CREATED]: A new UserProfile account was created for {Kenneth0} with ID{1}
Mon Aug 12 23:22:31 2013 [ACTIVITY_ACCOUNT_CREATED]: A new UserProfile account was created for {Kenneth0} with ID{1}
Mon Aug 12 23:22:32 2013 [ACTIVITY_PETREPORT_SUBMITTED]: Kenneth0 submitted the PetReport for {unknown} with ID{12}
Mon Aug 12 23:22:32 2013 [ACTIVITY_PETREPORT_SUBMITTED]: Kenneth0 submitted the PetReport for {Candy} with ID{14}
Mon Aug 12 23:22:32 2013 [ACTIVITY_PETREPORT_SUBMITTED]: Kenneth0 submitted the PetReport for {unknown} with ID{24}
Mon Aug 12 23:22:32 2013 [ACTIVITY_PETREPORT_SUBMITTED]: Kenneth0 submitted the PetReport for {unknown} with ID{39}
Mon Aug 12 23:22:33 2013 [ACTIVITY_PETREPORT_SUBMITTED]: Kenneth0 submitted the PetReport for {Bentley} with ID{44}
Mon Aug 12 23:22:33 2013 [ACTIVITY_PETREPORT_SUBMITTED]: Kenneth0 submitted the PetReport for {Nugget} with ID{54}
Mon Aug 12 23:22:33 2013 [ACTIVITY_PETREPORT_SUBMITTED]: Kenneth0 submitted the PetReport for {Toodle} with ID{55}
Mon Aug 12 23:22:33 2013 [ACTIVITY_PETREPORT_SUBMITTED]: Kenneth0 submitted the PetReport for {Guss} with ID{57}
Mon Aug 12 23:22:33 2013 [ACTIVITY_PETREPORT_SUBMITTED]: Kenneth0 submitted the PetReport for {Dandy} with ID{61}
Mon Aug 12 23:22:33 2013 [ACTIVITY_PETREPORT_SUBMITTED]: Kenneth0 submitted the PetReport for {Sparky} with ID{65}
Mon Aug 12 23:22:33 2013 [ACTIVITY_PETREPORT_SUBMITTED]: Kenneth0 submitted the PetReport for {unknown} with ID{69}
Mon Aug 12 23:22:33 2013 [ACTIVITY_PETREPORT_SUBMITTED]: Kenneth0 submitted the PetReport for {unknown} with ID{85}
Mon Aug 12 23:22:33 2013 [ACTIVITY_PETREPORT_SUBMITTED]: Kenneth0 submitted the PetReport for {Apollo} with ID{90}
Mon Aug 12 23:22:33 2013 [ACTIVITY_PETREPORT_SUBMITTED]: Kenneth0 submitted the PetReport for {unknown} with ID{91}
Mon Aug 12 23:22:33 2013 [ACTIVITY_PETREPORT_SUBMITTED]: Kenneth0 submitted the PetReport for {Nugget} with ID{136}
Mon Aug 12 23:22:33 2013 [ACTIVITY_PETREPORT_SUBMITTED]: Kenneth0 submitted the PetReport for {unknown} with ID{150}
Mon Aug 12 23:22:33 2013 [ACTIVITY_PETREPORT_SUBMITTED]: Kenneth0 submitted the PetReport for {Missy} with ID{163}
Mon Aug 12 23:22:34 2013 [ACTIVITY_PETREPORT_SUBMITTED]: Kenneth0 submitted the PetReport for {Prince} with ID{180}
Mon Aug 12 23:22:34 2013 [ACTIVITY_PETREPORT_SUBMITTED]: Kenneth0 submitted the PetReport for {unknown} with ID{214}
Mon Aug 12 23:22:34 2013 [ACTIVITY_PETREPORT_SUBMITTED]: Kenneth0 submitted the PetReport for {Nugget} with ID{215}
Mon Aug 12 23:22:34 2013 [ACTIVITY_PETREPORT_SUBMITTED]: Kenneth0 submitted the PetReport for {Sydney} with ID{225}
Mon Aug 12 23:22:34 2013 [ACTIVITY_PETREPORT_SUBMITTED]: Kenneth0 submitted the PetReport for {Nugget} with ID{244}
Mon Aug 12 23:22:34 2013 [ACTIVITY_PETREPORT_SUBMITTED]: Kenneth0 submitted the PetReport for {Princess} with ID{247}
Mon Aug 12 23:22:34 2013 [ACTIVITY_PETREPORT_SUBMITTED]: Kenneth0 submitted the PetReport for {Fousey} with ID{260}
Mon Aug 12 23:22:34 2013 [ACTIVITY_PETREPORT_SUBMITTED]: Kenneth0 submitted the PetReport for {Dandy} with ID{262}
Mon Aug 12 23:22:34 2013 [ACTIVITY_PETREPORT_SUBMITTED]: Kenneth0 submitted the PetReport for {Daisy} with ID{292}
Mon Aug 12 23:22:34 2013 [ACTIVITY_PETREPORT_SUBMITTED]: Kenneth0 submitted the PetReport for {unknown} with ID{294}
Mon Aug 12 23:22:36 2013 [ACTIVITY_PETMATCH_PROPOSED]: Kenneth0 proposed the PetMatch object with ID{39}
Mon Aug 12 23:22:36 2013 [ACTIVITY_PETMATCH_PROPOSED]: Kenneth0 proposed the PetMatch object with ID{42}
Mon Aug 12 23:22:37 2013 [ACTIVITY_PETMATCH_PROPOSED]: Kenneth0 proposed the PetMatch object with ID{53}
Mon Aug 12 23:22:38 2013 [ACTIVITY_PETMATCH_PROPOSED]: Kenneth0 proposed the PetMatch object with ID{82}
