Mon Aug 12 23:22:32 2013 [ACTIVITY_ACCOUNT_CREATED]: A new UserProfile account was created for {Daniel9} with ID{10}
Mon Aug 12 23:22:32 2013 [ACTIVITY_ACCOUNT_CREATED]: A new UserProfile account was created for {Daniel9} with ID{10}
Mon Aug 12 23:22:32 2013 [ACTIVITY_PETREPORT_SUBMITTED]: Daniel9 submitted the PetReport for {Sparky} with ID{5}
Mon Aug 12 23:22:32 2013 [ACTIVITY_PETREPORT_SUBMITTED]: Daniel9 submitted the PetReport for {Princess} with ID{19}
Mon Aug 12 23:22:33 2013 [ACTIVITY_PETREPORT_SUBMITTED]: Daniel9 submitted the PetReport for {Scruffy} with ID{43}
Mon Aug 12 23:22:33 2013 [ACTIVITY_PETREPORT_SUBMITTED]: Daniel9 submitted the PetReport for {Missy} with ID{67}
Mon Aug 12 23:22:33 2013 [ACTIVITY_PETREPORT_SUBMITTED]: Daniel9 submitted the PetReport for {Bentley} with ID{74}
Mon Aug 12 23:22:33 2013 [ACTIVITY_PETREPORT_SUBMITTED]: Daniel9 submitted the PetReport for {Toodle} with ID{76}
Mon Aug 12 23:22:33 2013 [ACTIVITY_PETREPORT_SUBMITTED]: Daniel9 submitted the PetReport for {Libby} with ID{108}
Mon Aug 12 23:22:33 2013 [ACTIVITY_PETREPORT_SUBMITTED]: Daniel9 submitted the PetReport for {unknown} with ID{114}
Mon Aug 12 23:22:33 2013 [ACTIVITY_PETREPORT_SUBMITTED]: Daniel9 submitted the PetReport for {Libby} with ID{127}
Mon Aug 12 23:22:33 2013 [ACTIVITY_PETREPORT_SUBMITTED]: Daniel9 submitted the PetReport for {unknown} with ID{148}
Mon Aug 12 23:22:33 2013 [ACTIVITY_PETREPORT_SUBMITTED]: Daniel9 submitted the PetReport for {Guss} with ID{154}
Mon Aug 12 23:22:33 2013 [ACTIVITY_PETREPORT_SUBMITTED]: Daniel9 submitted the PetReport for {Missy} with ID{161}
Mon Aug 12 23:22:34 2013 [ACTIVITY_PETREPORT_SUBMITTED]: Daniel9 submitted the PetReport for {Prince} with ID{194}
Mon Aug 12 23:22:34 2013 [ACTIVITY_PETREPORT_SUBMITTED]: Daniel9 submitted the PetReport for {Prince} with ID{212}
Mon Aug 12 23:22:34 2013 [ACTIVITY_PETREPORT_SUBMITTED]: Daniel9 submitted the PetReport for {Guss} with ID{220}
Mon Aug 12 23:22:34 2013 [ACTIVITY_PETREPORT_SUBMITTED]: Daniel9 submitted the PetReport for {Dandy} with ID{226}
Mon Aug 12 23:22:34 2013 [ACTIVITY_PETREPORT_SUBMITTED]: Daniel9 submitted the PetReport for {unknown} with ID{227}
Mon Aug 12 23:22:34 2013 [ACTIVITY_PETREPORT_SUBMITTED]: Daniel9 submitted the PetReport for {Bentley} with ID{228}
Mon Aug 12 23:22:34 2013 [ACTIVITY_PETREPORT_SUBMITTED]: Daniel9 submitted the PetReport for {Daisy} with ID{249}
Mon Aug 12 23:22:34 2013 [ACTIVITY_PETREPORT_SUBMITTED]: Daniel9 submitted the PetReport for {Dandy} with ID{253}
Mon Aug 12 23:22:34 2013 [ACTIVITY_PETREPORT_SUBMITTED]: Daniel9 submitted the PetReport for {unknown} with ID{279}
Mon Aug 12 23:22:34 2013 [ACTIVITY_PETREPORT_SUBMITTED]: Daniel9 submitted the PetReport for {Fousey} with ID{291}
Mon Aug 12 23:22:36 2013 [ACTIVITY_PETMATCH_PROPOSED]: Daniel9 proposed the PetMatch object with ID{30}
Mon Aug 12 23:22:36 2013 [ACTIVITY_PETMATCH_PROPOSED]: Daniel9 proposed the PetMatch object with ID{33}
Mon Aug 12 23:22:36 2013 [ACTIVITY_PETMATCH_PROPOSED]: Daniel9 proposed the PetMatch object with ID{47}
Mon Aug 12 23:22:37 2013 [ACTIVITY_PETMATCH_PROPOSED]: Daniel9 proposed the PetMatch object with ID{56}
Mon Aug 12 23:22:38 2013 [ACTIVITY_PETMATCH_PROPOSED]: Daniel9 proposed the PetMatch object with ID{90}
Mon Aug 12 23:22:38 2013 [ACTIVITY_PETMATCH_PROPOSED]: Daniel9 proposed the PetMatch object with ID{96}
