Mon Aug 12 23:22:32 2013 [ACTIVITY_ACCOUNT_CREATED]: A new UserProfile account was created for {Sahar10} with ID{11}
Mon Aug 12 23:22:32 2013 [ACTIVITY_ACCOUNT_CREATED]: A new UserProfile account was created for {Sahar10} with ID{11}
Mon Aug 12 23:22:32 2013 [ACTIVITY_PETREPORT_SUBMITTED]: Sahar10 submitted the PetReport for {Daisy} with ID{35}
Mon Aug 12 23:22:33 2013 [ACTIVITY_PETREPORT_SUBMITTED]: Sahar10 submitted the PetReport for {Scruffy} with ID{46}
Mon Aug 12 23:22:33 2013 [ACTIVITY_PETREPORT_SUBMITTED]: Sahar10 submitted the PetReport for {Princess} with ID{50}
Mon Aug 12 23:22:33 2013 [ACTIVITY_PETREPORT_SUBMITTED]: Sahar10 submitted the PetReport for {Missy} with ID{63}
Mon Aug 12 23:22:33 2013 [ACTIVITY_PETREPORT_SUBMITTED]: Sahar10 submitted the PetReport for {unknown} with ID{83}
Mon Aug 12 23:22:33 2013 [ACTIVITY_PETREPORT_SUBMITTED]: Sahar10 submitted the PetReport for {unknown} with ID{96}
Mon Aug 12 23:22:33 2013 [ACTIVITY_PETREPORT_SUBMITTED]: Sahar10 submitted the PetReport for {Sparky} with ID{106}
Mon Aug 12 23:22:33 2013 [ACTIVITY_PETREPORT_SUBMITTED]: Sahar10 submitted the PetReport for {Princess} with ID{110}
Mon Aug 12 23:22:33 2013 [ACTIVITY_PETREPORT_SUBMITTED]: Sahar10 submitted the PetReport for {Sparky} with ID{118}
Mon Aug 12 23:22:33 2013 [ACTIVITY_PETREPORT_SUBMITTED]: Sahar10 submitted the PetReport for {Missy} with ID{151}
Mon Aug 12 23:22:33 2013 [ACTIVITY_PETREPORT_SUBMITTED]: Sahar10 submitted the PetReport for {Prince} with ID{160}
Mon Aug 12 23:22:34 2013 [ACTIVITY_PETREPORT_SUBMITTED]: Sahar10 submitted the PetReport for {Apollo} with ID{195}
Mon Aug 12 23:22:34 2013 [ACTIVITY_PETREPORT_SUBMITTED]: Sahar10 submitted the PetReport for {Prince} with ID{197}
Mon Aug 12 23:22:34 2013 [ACTIVITY_PETREPORT_SUBMITTED]: Sahar10 submitted the PetReport for {Candy} with ID{204}
Mon Aug 12 23:22:34 2013 [ACTIVITY_PETREPORT_SUBMITTED]: Sahar10 submitted the PetReport for {Princess} with ID{216}
Mon Aug 12 23:22:34 2013 [ACTIVITY_PETREPORT_SUBMITTED]: Sahar10 submitted the PetReport for {Bentley} with ID{222}
Mon Aug 12 23:22:34 2013 [ACTIVITY_PETREPORT_SUBMITTED]: Sahar10 submitted the PetReport for {unknown} with ID{252}
Mon Aug 12 23:22:34 2013 [ACTIVITY_PETREPORT_SUBMITTED]: Sahar10 submitted the PetReport for {Sydney} with ID{272}
Mon Aug 12 23:22:34 2013 [ACTIVITY_PETREPORT_SUBMITTED]: Sahar10 submitted the PetReport for {Missy} with ID{280}
Mon Aug 12 23:22:34 2013 [ACTIVITY_PETREPORT_SUBMITTED]: Sahar10 submitted the PetReport for {Mark} with ID{283}
Mon Aug 12 23:22:34 2013 [ACTIVITY_PETREPORT_SUBMITTED]: Sahar10 submitted the PetReport for {Scruffy} with ID{293}
Mon Aug 12 23:22:34 2013 [ACTIVITY_PETREPORT_SUBMITTED]: Sahar10 submitted the PetReport for {Toodle} with ID{297}
Mon Aug 12 23:22:35 2013 [ACTIVITY_PETMATCH_PROPOSED]: Sahar10 proposed the PetMatch object with ID{22}
Mon Aug 12 23:22:36 2013 [ACTIVITY_PETMATCH_PROPOSED]: Sahar10 proposed the PetMatch object with ID{41}
Mon Aug 12 23:22:36 2013 [ACTIVITY_PETMATCH_PROPOSED]: Sahar10 proposed the PetMatch object with ID{44}
Mon Aug 12 23:22:37 2013 [ACTIVITY_PETMATCH_PROPOSED]: Sahar10 proposed the PetMatch object with ID{52}
Mon Aug 12 23:22:38 2013 [ACTIVITY_PETMATCH_PROPOSED]: Sahar10 proposed the PetMatch object with ID{75}
