Mon Aug 12 23:22:32 2013 [ACTIVITY_ACCOUNT_CREATED]: A new UserProfile account was created for {Amrutha11} with ID{12}
Mon Aug 12 23:22:32 2013 [ACTIVITY_ACCOUNT_CREATED]: A new UserProfile account was created for {Amrutha11} with ID{12}
Mon Aug 12 23:22:32 2013 [ACTIVITY_PETREPORT_SUBMITTED]: Amrutha11 submitted the PetReport for {unknown} with ID{31}
Mon Aug 12 23:22:33 2013 [ACTIVITY_PETREPORT_SUBMITTED]: Amrutha11 submitted the PetReport for {Marley} with ID{52}
Mon Aug 12 23:22:33 2013 [ACTIVITY_PETREPORT_SUBMITTED]: Amrutha11 submitted the PetReport for {Guss} with ID{70}
Mon Aug 12 23:22:33 2013 [ACTIVITY_PETREPORT_SUBMITTED]: Amrutha11 submitted the PetReport for {Guss} with ID{72}
Mon Aug 12 23:22:33 2013 [ACTIVITY_PETREPORT_SUBMITTED]: Amrutha11 submitted the PetReport for {Bentley} with ID{94}
Mon Aug 12 23:22:33 2013 [ACTIVITY_PETREPORT_SUBMITTED]: Amrutha11 submitted the PetReport for {Daisy} with ID{95}
Mon Aug 12 23:22:33 2013 [ACTIVITY_PETREPORT_SUBMITTED]: Amrutha11 submitted the PetReport for {Sydney} with ID{144}
Mon Aug 12 23:22:33 2013 [ACTIVITY_PETREPORT_SUBMITTED]: Amrutha11 submitted the PetReport for {Prince} with ID{164}
Mon Aug 12 23:22:33 2013 [ACTIVITY_PETREPORT_SUBMITTED]: Amrutha11 submitted the PetReport for {Bentley} with ID{171}
Mon Aug 12 23:22:33 2013 [ACTIVITY_PETREPORT_SUBMITTED]: Amrutha11 submitted the PetReport for {Scruffy} with ID{173}
Mon Aug 12 23:22:34 2013 [ACTIVITY_PETREPORT_SUBMITTED]: Amrutha11 submitted the PetReport for {Baby} with ID{174}
Mon Aug 12 23:22:34 2013 [ACTIVITY_PETREPORT_SUBMITTED]: Amrutha11 submitted the PetReport for {Prince} with ID{187}
Mon Aug 12 23:22:34 2013 [ACTIVITY_PETREPORT_SUBMITTED]: Amrutha11 submitted the PetReport for {Toodle} with ID{209}
Mon Aug 12 23:22:34 2013 [ACTIVITY_PETREPORT_SUBMITTED]: Amrutha11 submitted the PetReport for {Missy} with ID{210}
Mon Aug 12 23:22:34 2013 [ACTIVITY_PETREPORT_SUBMITTED]: Amrutha11 submitted the PetReport for {unknown} with ID{213}
Mon Aug 12 23:22:34 2013 [ACTIVITY_PETREPORT_SUBMITTED]: Amrutha11 submitted the PetReport for {unknown} with ID{219}
Mon Aug 12 23:22:34 2013 [ACTIVITY_PETREPORT_SUBMITTED]: Amrutha11 submitted the PetReport for {Missy} with ID{243}
Mon Aug 12 23:22:34 2013 [ACTIVITY_PETREPORT_SUBMITTED]: Amrutha11 submitted the PetReport for {Sparky} with ID{278}
Mon Aug 12 23:22:34 2013 [ACTIVITY_PETREPORT_SUBMITTED]: Amrutha11 submitted the PetReport for {Marley} with ID{287}
Mon Aug 12 23:22:34 2013 [ACTIVITY_PETREPORT_SUBMITTED]: Amrutha11 submitted the PetReport for {unknown} with ID{290}
Mon Aug 12 23:22:36 2013 [ACTIVITY_PETMATCH_PROPOSED]: Amrutha11 proposed the PetMatch object with ID{25}
Mon Aug 12 23:22:36 2013 [ACTIVITY_PETMATCH_PROPOSED]: Amrutha11 proposed the PetMatch object with ID{43}
Mon Aug 12 23:22:36 2013 [ACTIVITY_PETMATCH_PROPOSED]: Amrutha11 proposed the PetMatch object with ID{45}
Mon Aug 12 23:22:37 2013 [ACTIVITY_PETMATCH_PROPOSED]: Amrutha11 proposed the PetMatch object with ID{67}
Mon Aug 12 23:22:38 2013 [ACTIVITY_PETMATCH_PROPOSED]: Amrutha11 proposed the PetMatch object with ID{79}
Mon Aug 12 23:22:38 2013 [ACTIVITY_PETMATCH_PROPOSED]: Amrutha11 proposed the PetMatch object with ID{83}
