Mon Aug 12 23:22:32 2013 [ACTIVITY_ACCOUNT_CREATED]: A new UserProfile account was created for {Amrutha12} with ID{13}
Mon Aug 12 23:22:32 2013 [ACTIVITY_ACCOUNT_CREATED]: A new UserProfile account was created for {Amrutha12} with ID{13}
Mon Aug 12 23:22:32 2013 [ACTIVITY_PETREPORT_SUBMITTED]: Amrutha12 submitted the PetReport for {unknown} with ID{7}
Mon Aug 12 23:22:32 2013 [ACTIVITY_PETREPORT_SUBMITTED]: Amrutha12 submitted the PetReport for {Guss} with ID{15}
Mon Aug 12 23:22:32 2013 [ACTIVITY_PETREPORT_SUBMITTED]: Amrutha12 submitted the PetReport for {unknown} with ID{20}
Mon Aug 12 23:22:32 2013 [ACTIVITY_PETREPORT_SUBMITTED]: Amrutha12 submitted the PetReport for {Sydney} with ID{22}
Mon Aug 12 23:22:32 2013 [ACTIVITY_PETREPORT_SUBMITTED]: Amrutha12 submitted the PetReport for {Fousey} with ID{30}
Mon Aug 12 23:22:32 2013 [ACTIVITY_PETREPORT_SUBMITTED]: Amrutha12 submitted the PetReport for {Fousey} with ID{41}
Mon Aug 12 23:22:33 2013 [ACTIVITY_PETREPORT_SUBMITTED]: Amrutha12 submitted the PetReport for {Sydney} with ID{49}
Mon Aug 12 23:22:33 2013 [ACTIVITY_PETREPORT_SUBMITTED]: Amrutha12 submitted the PetReport for {Toodle} with ID{59}
Mon Aug 12 23:22:33 2013 [ACTIVITY_PETREPORT_SUBMITTED]: Amrutha12 submitted the PetReport for {unknown} with ID{81}
Mon Aug 12 23:22:33 2013 [ACTIVITY_PETREPORT_SUBMITTED]: Amrutha12 submitted the PetReport for {Dandy} with ID{88}
Mon Aug 12 23:22:33 2013 [ACTIVITY_PETREPORT_SUBMITTED]: Amrutha12 submitted the PetReport for {unknown} with ID{89}
Mon Aug 12 23:22:33 2013 [ACTIVITY_PETREPORT_SUBMITTED]: Amrutha12 submitted the PetReport for {Sparky} with ID{103}
Mon Aug 12 23:22:33 2013 [ACTIVITY_PETREPORT_SUBMITTED]: Amrutha12 submitted the PetReport for {Candy} with ID{115}
Mon Aug 12 23:22:33 2013 [ACTIVITY_PETREPORT_SUBMITTED]: Amrutha12 submitted the PetReport for {Apollo} with ID{119}
Mon Aug 12 23:22:33 2013 [ACTIVITY_PETREPORT_SUBMITTED]: Amrutha12 submitted the PetReport for {Apollo} with ID{124}
Mon Aug 12 23:22:33 2013 [ACTIVITY_PETREPORT_SUBMITTED]: Amrutha12 submitted the PetReport for {Dandy} with ID{128}
Mon Aug 12 23:22:33 2013 [ACTIVITY_PETREPORT_SUBMITTED]: Amrutha12 submitted the PetReport for {Sydney} with ID{130}
Mon Aug 12 23:22:33 2013 [ACTIVITY_PETREPORT_SUBMITTED]: Amrutha12 submitted the PetReport for {Missy} with ID{145}
Mon Aug 12 23:22:33 2013 [ACTIVITY_PETREPORT_SUBMITTED]: Amrutha12 submitted the PetReport for {Sydney} with ID{167}
Mon Aug 12 23:22:34 2013 [ACTIVITY_PETREPORT_SUBMITTED]: Amrutha12 submitted the PetReport for {Candy} with ID{193}
Mon Aug 12 23:22:34 2013 [ACTIVITY_PETREPORT_SUBMITTED]: Amrutha12 submitted the PetReport for {unknown} with ID{196}
Mon Aug 12 23:22:34 2013 [ACTIVITY_PETREPORT_SUBMITTED]: Amrutha12 submitted the PetReport for {Apollo} with ID{202}
Mon Aug 12 23:22:34 2013 [ACTIVITY_PETREPORT_SUBMITTED]: Amrutha12 submitted the PetReport for {Libby} with ID{250}
Mon Aug 12 23:22:34 2013 [ACTIVITY_PETREPORT_SUBMITTED]: Amrutha12 submitted the PetReport for {Missy} with ID{256}
Mon Aug 12 23:22:34 2013 [ACTIVITY_PETREPORT_SUBMITTED]: Amrutha12 submitted the PetReport for {Candy} with ID{271}
Mon Aug 12 23:22:34 2013 [ACTIVITY_PETREPORT_SUBMITTED]: Amrutha12 submitted the PetReport for {Daisy} with ID{295}
Mon Aug 12 23:22:36 2013 [ACTIVITY_PETMATCH_PROPOSED]: Amrutha12 proposed the PetMatch object with ID{29}
Mon Aug 12 23:22:36 2013 [ACTIVITY_PETMATCH_PROPOSED]: Amrutha12 proposed the PetMatch object with ID{48}
Mon Aug 12 23:22:37 2013 [ACTIVITY_PETMATCH_PROPOSED]: Amrutha12 proposed the PetMatch object with ID{49}
Mon Aug 12 23:22:37 2013 [ACTIVITY_PETMATCH_PROPOSED]: Amrutha12 proposed the PetMatch object with ID{60}
Mon Aug 12 23:22:37 2013 [ACTIVITY_PETMATCH_PROPOSED]: Amrutha12 proposed the PetMatch object with ID{62}
Mon Aug 12 23:22:37 2013 [ACTIVITY_PETMATCH_PROPOSED]: Amrutha12 proposed the PetMatch object with ID{65}
Mon Aug 12 23:22:37 2013 [ACTIVITY_PETMATCH_PROPOSED]: Amrutha12 proposed the PetMatch object with ID{68}
Mon Aug 12 23:22:37 2013 [ACTIVITY_PETMATCH_PROPOSED]: Amrutha12 proposed the PetMatch object with ID{70}
Mon Aug 12 23:22:38 2013 [ACTIVITY_PETMATCH_PROPOSED]: Amrutha12 proposed the PetMatch object with ID{89}
Mon Aug 12 23:22:38 2013 [ACTIVITY_PETMATCH_PROPOSED]: Amrutha12 proposed the PetMatch object with ID{92}
Mon Aug 12 23:22:38 2013 [ACTIVITY_PETMATCH_PROPOSED]: Amrutha12 proposed the PetMatch object with ID{93}
