Mon Aug 12 23:22:32 2013 [ACTIVITY_ACCOUNT_CREATED]: A new UserProfile account was created for {Mario13} with ID{14}
Mon Aug 12 23:22:32 2013 [ACTIVITY_ACCOUNT_CREATED]: A new UserProfile account was created for {Mario13} with ID{14}
Mon Aug 12 23:22:32 2013 [ACTIVITY_PETREPORT_SUBMITTED]: Mario13 submitted the PetReport for {unknown} with ID{13}
Mon Aug 12 23:22:32 2013 [ACTIVITY_PETREPORT_SUBMITTED]: Mario13 submitted the PetReport for {Fousey} with ID{29}
Mon Aug 12 23:22:33 2013 [ACTIVITY_PETREPORT_SUBMITTED]: Mario13 submitted the PetReport for {Apollo} with ID{64}
Mon Aug 12 23:22:33 2013 [ACTIVITY_PETREPORT_SUBMITTED]: Mario13 submitted the PetReport for {Sydney} with ID{98}
Mon Aug 12 23:22:33 2013 [ACTIVITY_PETREPORT_SUBMITTED]: Mario13 submitted the PetReport for {Baby} with ID{101}
Mon Aug 12 23:22:33 2013 [ACTIVITY_PETREPORT_SUBMITTED]: Mario13 submitted the PetReport for {Marley} with ID{102}
Mon Aug 12 23:22:33 2013 [ACTIVITY_PETREPORT_SUBMITTED]: Mario13 submitted the PetReport for {Scruffy} with ID{123}
Mon Aug 12 23:22:33 2013 [ACTIVITY_PETREPORT_SUBMITTED]: Mario13 submitted the PetReport for {Daisy} with ID{156}
Mon Aug 12 23:22:34 2013 [ACTIVITY_PETREPORT_SUBMITTED]: Mario13 submitted the PetReport for {Libby} with ID{181}
Mon Aug 12 23:22:34 2013 [ACTIVITY_PETREPORT_SUBMITTED]: Mario13 submitted the PetReport for {Libby} with ID{188}
Mon Aug 12 23:22:34 2013 [ACTIVITY_PETREPORT_SUBMITTED]: Mario13 submitted the PetReport for {Nugget} with ID{232}
Mon Aug 12 23:22:34 2013 [ACTIVITY_PETREPORT_SUBMITTED]: Mario13 submitted the PetReport for {Mark} with ID{234}
Mon Aug 12 23:22:34 2013 [ACTIVITY_PETREPORT_SUBMITTED]: Mario13 submitted the PetReport for {Daisy} with ID{242}
Mon Aug 12 23:22:34 2013 [ACTIVITY_PETREPORT_SUBMITTED]: Mario13 submitted the PetReport for {Nugget} with ID{265}
Mon Aug 12 23:22:35 2013 [ACTIVITY_PETMATCH_PROPOSED]: Mario13 proposed the PetMatch object with ID{5}
Mon Aug 12 23:22:35 2013 [ACTIVITY_PETMATCH_PROPOSED]: Mario13 proposed the PetMatch object with ID{20}
Mon Aug 12 23:22:38 2013 [ACTIVITY_PETMATCH_PROPOSED]: Mario13 proposed the PetMatch object with ID{77}
Mon Aug 12 23:22:38 2013 [ACTIVITY_PETMATCH_PROPOSED]: Mario13 proposed the PetMatch object with ID{94}
