Mon Aug 12 23:22:32 2013 [ACTIVITY_ACCOUNT_CREATED]: A new UserProfile account was created for {Sahar14} with ID{15}
Mon Aug 12 23:22:32 2013 [ACTIVITY_ACCOUNT_CREATED]: A new UserProfile account was created for {Sahar14} with ID{15}
Mon Aug 12 23:22:32 2013 [ACTIVITY_PETREPORT_SUBMITTED]: Sahar14 submitted the PetReport for {Toodle} with ID{6}
Mon Aug 12 23:22:32 2013 [ACTIVITY_PETREPORT_SUBMITTED]: Sahar14 submitted the PetReport for {Guss} with ID{8}
Mon Aug 12 23:22:32 2013 [ACTIVITY_PETREPORT_SUBMITTED]: Sahar14 submitted the PetReport for {unknown} with ID{17}
Mon Aug 12 23:22:32 2013 [ACTIVITY_PETREPORT_SUBMITTED]: Sahar14 submitted the PetReport for {Scruffy} with ID{33}
Mon Aug 12 23:22:33 2013 [ACTIVITY_PETREPORT_SUBMITTED]: Sahar14 submitted the PetReport for {Toodle} with ID{56}
Mon Aug 12 23:22:33 2013 [ACTIVITY_PETREPORT_SUBMITTED]: Sahar14 submitted the PetReport for {Scruffy} with ID{77}
Mon Aug 12 23:22:33 2013 [ACTIVITY_PETREPORT_SUBMITTED]: Sahar14 submitted the PetReport for {Sydney} with ID{99}
Mon Aug 12 23:22:33 2013 [ACTIVITY_PETREPORT_SUBMITTED]: Sahar14 submitted the PetReport for {Fousey} with ID{121}
Mon Aug 12 23:22:33 2013 [ACTIVITY_PETREPORT_SUBMITTED]: Sahar14 submitted the PetReport for {Nugget} with ID{133}
Mon Aug 12 23:22:33 2013 [ACTIVITY_PETREPORT_SUBMITTED]: Sahar14 submitted the PetReport for {unknown} with ID{141}
Mon Aug 12 23:22:33 2013 [ACTIVITY_PETREPORT_SUBMITTED]: Sahar14 submitted the PetReport for {unknown} with ID{152}
Mon Aug 12 23:22:33 2013 [ACTIVITY_PETREPORT_SUBMITTED]: Sahar14 submitted the PetReport for {Dandy} with ID{165}
Mon Aug 12 23:22:34 2013 [ACTIVITY_PETREPORT_SUBMITTED]: Sahar14 submitted the PetReport for {Apollo} with ID{185}
Mon Aug 12 23:22:34 2013 [ACTIVITY_PETREPORT_SUBMITTED]: Sahar14 submitted the PetReport for {unknown} with ID{203}
Mon Aug 12 23:22:34 2013 [ACTIVITY_PETREPORT_SUBMITTED]: Sahar14 submitted the PetReport for {Baby} with ID{211}
Mon Aug 12 23:22:34 2013 [ACTIVITY_PETREPORT_SUBMITTED]: Sahar14 submitted the PetReport for {Sparky} with ID{230}
Mon Aug 12 23:22:34 2013 [ACTIVITY_PETREPORT_SUBMITTED]: Sahar14 submitted the PetReport for {Apollo} with ID{235}
Mon Aug 12 23:22:34 2013 [ACTIVITY_PETREPORT_SUBMITTED]: Sahar14 submitted the PetReport for {Dandy} with ID{238}
Mon Aug 12 23:22:34 2013 [ACTIVITY_PETREPORT_SUBMITTED]: Sahar14 submitted the PetReport for {Libby} with ID{248}
Mon Aug 12 23:22:34 2013 [ACTIVITY_PETREPORT_SUBMITTED]: Sahar14 submitted the PetReport for {Daisy} with ID{258}
Mon Aug 12 23:22:34 2013 [ACTIVITY_PETREPORT_SUBMITTED]: Sahar14 submitted the PetReport for {Baby} with ID{263}
Mon Aug 12 23:22:35 2013 [ACTIVITY_PETMATCH_PROPOSED]: Sahar14 proposed the PetMatch object with ID{21}
Mon Aug 12 23:22:35 2013 [ACTIVITY_PETMATCH_PROPOSED]: Sahar14 proposed the PetMatch object with ID{24}
Mon Aug 12 23:22:36 2013 [ACTIVITY_PETMATCH_PROPOSED]: Sahar14 proposed the PetMatch object with ID{28}
Mon Aug 12 23:22:36 2013 [ACTIVITY_PETMATCH_PROPOSED]: Sahar14 proposed the PetMatch object with ID{35}
Mon Aug 12 23:22:36 2013 [ACTIVITY_PETMATCH_PROPOSED]: Sahar14 proposed the PetMatch object with ID{46}
Mon Aug 12 23:22:37 2013 [ACTIVITY_PETMATCH_PROPOSED]: Sahar14 proposed the PetMatch object with ID{51}
Mon Aug 12 23:22:37 2013 [ACTIVITY_PETMATCH_PROPOSED]: Sahar14 proposed the PetMatch object with ID{54}
Mon Aug 12 23:22:37 2013 [ACTIVITY_PETMATCH_PROPOSED]: Sahar14 proposed the PetMatch object with ID{63}
Mon Aug 12 23:22:37 2013 [ACTIVITY_PETMATCH_PROPOSED]: Sahar14 proposed the PetMatch object with ID{71}
Mon Aug 12 23:22:38 2013 [ACTIVITY_PETMATCH_PROPOSED]: Sahar14 proposed the PetMatch object with ID{91}
Mon Aug 12 23:22:38 2013 [ACTIVITY_PETMATCH_PROPOSED]: Sahar14 proposed the PetMatch object with ID{97}
Mon Aug 12 23:22:39 2013 [ACTIVITY_PETMATCH_PROPOSED]: Sahar14 proposed the PetMatch object with ID{98}
