Mon Aug 12 23:22:31 2013 [ACTIVITY_ACCOUNT_CREATED]: A new UserProfile account was created for {Chris1} with ID{2}
Mon Aug 12 23:22:31 2013 [ACTIVITY_ACCOUNT_CREATED]: A new UserProfile account was created for {Chris1} with ID{2}
Mon Aug 12 23:22:32 2013 [ACTIVITY_PETREPORT_SUBMITTED]: Chris1 submitted the PetReport for {Apollo} with ID{11}
Mon Aug 12 23:22:32 2013 [ACTIVITY_PETREPORT_SUBMITTED]: Chris1 submitted the PetReport for {Candy} with ID{38}
Mon Aug 12 23:22:33 2013 [ACTIVITY_PETREPORT_SUBMITTED]: Chris1 submitted the PetReport for {Fousey} with ID{48}
Mon Aug 12 23:22:33 2013 [ACTIVITY_PETREPORT_SUBMITTED]: Chris1 submitted the PetReport for {Toodle} with ID{62}
Mon Aug 12 23:22:33 2013 [ACTIVITY_PETREPORT_SUBMITTED]: Chris1 submitted the PetReport for {Toodle} with ID{80}
Mon Aug 12 23:22:33 2013 [ACTIVITY_PETREPORT_SUBMITTED]: Chris1 submitted the PetReport for {Missy} with ID{93}
Mon Aug 12 23:22:33 2013 [ACTIVITY_PETREPORT_SUBMITTED]: Chris1 submitted the PetReport for {unknown} with ID{120}
Mon Aug 12 23:22:33 2013 [ACTIVITY_PETREPORT_SUBMITTED]: Chris1 submitted the PetReport for {unknown} with ID{131}
Mon Aug 12 23:22:33 2013 [ACTIVITY_PETREPORT_SUBMITTED]: Chris1 submitted the PetReport for {Sydney} with ID{142}
Mon Aug 12 23:22:33 2013 [ACTIVITY_PETREPORT_SUBMITTED]: Chris1 submitted the PetReport for {unknown} with ID{143}
Mon Aug 12 23:22:33 2013 [ACTIVITY_PETREPORT_SUBMITTED]: Chris1 submitted the PetReport for {Baby} with ID{157}
Mon Aug 12 23:22:33 2013 [ACTIVITY_PETREPORT_SUBMITTED]: Chris1 submitted the PetReport for {Sparky} with ID{166}
Mon Aug 12 23:22:34 2013 [ACTIVITY_PETREPORT_SUBMITTED]: Chris1 submitted the PetReport for {Daisy} with ID{179}
Mon Aug 12 23:22:34 2013 [ACTIVITY_PETREPORT_SUBMITTED]: Chris1 submitted the PetReport for {Apollo} with ID{200}
Mon Aug 12 23:22:34 2013 [ACTIVITY_PETREPORT_SUBMITTED]: Chris1 submitted the PetReport for {Nugget} with ID{255}
Mon Aug 12 23:22:34 2013 [ACTIVITY_PETREPORT_SUBMITTED]: Chris1 submitted the PetReport for {Prince} with ID{264}
Mon Aug 12 23:22:34 2013 [ACTIVITY_PETREPORT_SUBMITTED]: Chris1 submitted the PetReport for {Sydney} with ID{268}
Mon Aug 12 23:22:34 2013 [ACTIVITY_PETREPORT_SUBMITTED]: Chris1 submitted the PetReport for {Dandy} with ID{270}
Mon Aug 12 23:22:34 2013 [ACTIVITY_PETREPORT_SUBMITTED]: Chris1 submitted the PetReport for {Guss} with ID{282}
Mon Aug 12 23:22:34 2013 [ACTIVITY_PETREPORT_SUBMITTED]: Chris1 submitted the PetReport for {Mark} with ID{284}
Mon Aug 12 23:22:36 2013 [ACTIVITY_PETMATCH_PROPOSED]: Chris1 proposed the PetMatch object with ID{40}
Mon Aug 12 23:22:37 2013 [ACTIVITY_PETMATCH_PROPOSED]: Chris1 proposed the PetMatch object with ID{50}
Mon Aug 12 23:22:38 2013 [ACTIVITY_PETMATCH_PROPOSED]: Chris1 proposed the PetMatch object with ID{76}
Mon Aug 12 23:22:38 2013 [ACTIVITY_PETMATCH_PROPOSED]: Chris1 proposed the PetMatch object with ID{84}
