Mon Aug 12 23:22:31 2013 [ACTIVITY_ACCOUNT_CREATED]: A new UserProfile account was created for {Hannah2} with ID{3}
Mon Aug 12 23:22:31 2013 [ACTIVITY_ACCOUNT_CREATED]: A new UserProfile account was created for {Hannah2} with ID{3}
Mon Aug 12 23:22:32 2013 [ACTIVITY_PETREPORT_SUBMITTED]: Hannah2 submitted the PetReport for {Sydney} with ID{16}
Mon Aug 12 23:22:32 2013 [ACTIVITY_PETREPORT_SUBMITTED]: Hannah2 submitted the PetReport for {Toodle} with ID{27}
Mon Aug 12 23:22:33 2013 [ACTIVITY_PETREPORT_SUBMITTED]: Hannah2 submitted the PetReport for {Bentley} with ID{51}
Mon Aug 12 23:22:33 2013 [ACTIVITY_PETREPORT_SUBMITTED]: Hannah2 submitted the PetReport for {unknown} with ID{68}
Mon Aug 12 23:22:33 2013 [ACTIVITY_PETREPORT_SUBMITTED]: Hannah2 submitted the PetReport for {Scruffy} with ID{78}
Mon Aug 12 23:22:33 2013 [ACTIVITY_PETREPORT_SUBMITTED]: Hannah2 submitted the PetReport for {unknown} with ID{97}
Mon Aug 12 23:22:33 2013 [ACTIVITY_PETREPORT_SUBMITTED]: Hannah2 submitted the PetReport for {Baby} with ID{113}
Mon Aug 12 23:22:33 2013 [ACTIVITY_PETREPORT_SUBMITTED]: Hannah2 submitted the PetReport for {Bentley} with ID{129}
Mon Aug 12 23:22:33 2013 [ACTIVITY_PETREPORT_SUBMITTED]: Hannah2 submitted the PetReport for {Guss} with ID{132}
Mon Aug 12 23:22:33 2013 [ACTIVITY_PETREPORT_SUBMITTED]: Hannah2 submitted the PetReport for {unknown} with ID{137}
Mon Aug 12 23:22:33 2013 [ACTIVITY_PETREPORT_SUBMITTED]: Hannah2 submitted the PetReport for {Marley} with ID{172}
Mon Aug 12 23:22:34 2013 [ACTIVITY_PETREPORT_SUBMITTED]: Hannah2 submitted the PetReport for {unknown} with ID{178}
Mon Aug 12 23:22:34 2013 [ACTIVITY_PETREPORT_SUBMITTED]: Hannah2 submitted the PetReport for {Guss} with ID{201}
Mon Aug 12 23:22:34 2013 [ACTIVITY_PETREPORT_SUBMITTED]: Hannah2 submitted the PetReport for {Scruffy} with ID{205}
Mon Aug 12 23:22:34 2013 [ACTIVITY_PETREPORT_SUBMITTED]: Hannah2 submitted the PetReport for {Nugget} with ID{221}
Mon Aug 12 23:22:34 2013 [ACTIVITY_PETREPORT_SUBMITTED]: Hannah2 submitted the PetReport for {Marley} with ID{239}
Mon Aug 12 23:22:34 2013 [ACTIVITY_PETREPORT_SUBMITTED]: Hannah2 submitted the PetReport for {Baby} with ID{275}
Mon Aug 12 23:22:34 2013 [ACTIVITY_PETREPORT_SUBMITTED]: Hannah2 submitted the PetReport for {unknown} with ID{277}
Mon Aug 12 23:22:34 2013 [ACTIVITY_PETREPORT_SUBMITTED]: Hannah2 submitted the PetReport for {Toodle} with ID{281}
Mon Aug 12 23:22:34 2013 [ACTIVITY_PETREPORT_SUBMITTED]: Hannah2 submitted the PetReport for {unknown} with ID{288}
Mon Aug 12 23:22:34 2013 [ACTIVITY_PETREPORT_SUBMITTED]: Hannah2 submitted the PetReport for {Mark} with ID{289}
Mon Aug 12 23:22:35 2013 [ACTIVITY_PETMATCH_PROPOSED]: Hannah2 proposed the PetMatch object with ID{9}
Mon Aug 12 23:22:35 2013 [ACTIVITY_PETMATCH_PROPOSED]: Hannah2 proposed the PetMatch object with ID{23}
Mon Aug 12 23:22:36 2013 [ACTIVITY_PETMATCH_PROPOSED]: Hannah2 proposed the PetMatch object with ID{27}
Mon Aug 12 23:22:38 2013 [ACTIVITY_PETMATCH_PROPOSED]: Hannah2 proposed the PetMatch object with ID{87}
