Mon Aug 12 23:22:31 2013 [ACTIVITY_ACCOUNT_CREATED]: A new UserProfile account was created for {Sahar3} with ID{4}
Mon Aug 12 23:22:31 2013 [ACTIVITY_ACCOUNT_CREATED]: A new UserProfile account was created for {Sahar3} with ID{4}
Mon Aug 12 23:22:32 2013 [ACTIVITY_PETREPORT_SUBMITTED]: Sahar3 submitted the PetReport for {Apollo} with ID{2}
Mon Aug 12 23:22:32 2013 [ACTIVITY_PETREPORT_SUBMITTED]: Sahar3 submitted the PetReport for {unknown} with ID{9}
Mon Aug 12 23:22:32 2013 [ACTIVITY_PETREPORT_SUBMITTED]: Sahar3 submitted the PetReport for {Libby} with ID{18}
Mon Aug 12 23:22:32 2013 [ACTIVITY_PETREPORT_SUBMITTED]: Sahar3 submitted the PetReport for {Bentley} with ID{32}
Mon Aug 12 23:22:33 2013 [ACTIVITY_PETREPORT_SUBMITTED]: Sahar3 submitted the PetReport for {Sparky} with ID{47}
Mon Aug 12 23:22:33 2013 [ACTIVITY_PETREPORT_SUBMITTED]: Sahar3 submitted the PetReport for {unknown} with ID{60}
Mon Aug 12 23:22:33 2013 [ACTIVITY_PETREPORT_SUBMITTED]: Sahar3 submitted the PetReport for {Toodle} with ID{73}
Mon Aug 12 23:22:33 2013 [ACTIVITY_PETREPORT_SUBMITTED]: Sahar3 submitted the PetReport for {Candy} with ID{86}
Mon Aug 12 23:22:33 2013 [ACTIVITY_PETREPORT_SUBMITTED]: Sahar3 submitted the PetReport for {Mark} with ID{87}
Mon Aug 12 23:22:33 2013 [ACTIVITY_PETREPORT_SUBMITTED]: Sahar3 submitted the PetReport for {Sydney} with ID{125}
Mon Aug 12 23:22:33 2013 [ACTIVITY_PETREPORT_SUBMITTED]: Sahar3 submitted the PetReport for {Sparky} with ID{138}
Mon Aug 12 23:22:33 2013 [ACTIVITY_PETREPORT_SUBMITTED]: Sahar3 submitted the PetReport for {Prince} with ID{139}
Mon Aug 12 23:22:33 2013 [ACTIVITY_PETREPORT_SUBMITTED]: Sahar3 submitted the PetReport for {unknown} with ID{155}
Mon Aug 12 23:22:33 2013 [ACTIVITY_PETREPORT_SUBMITTED]: Sahar3 submitted the PetReport for {Daisy} with ID{159}
Mon Aug 12 23:22:33 2013 [ACTIVITY_PETREPORT_SUBMITTED]: Sahar3 submitted the PetReport for {Marley} with ID{162}
Mon Aug 12 23:22:34 2013 [ACTIVITY_PETREPORT_SUBMITTED]: Sahar3 submitted the PetReport for {Mark} with ID{190}
Mon Aug 12 23:22:34 2013 [ACTIVITY_PETREPORT_SUBMITTED]: Sahar3 submitted the PetReport for {Libby} with ID{269}
Mon Aug 12 23:22:34 2013 [ACTIVITY_PETREPORT_SUBMITTED]: Sahar3 submitted the PetReport for {Nugget} with ID{274}
Mon Aug 12 23:22:35 2013 [ACTIVITY_PETMATCH_PROPOSED]: Sahar3 proposed the PetMatch object with ID{1}
Mon Aug 12 23:22:35 2013 [ACTIVITY_PETMATCH_PROPOSED]: Sahar3 proposed the PetMatch object with ID{17}
Mon Aug 12 23:22:36 2013 [ACTIVITY_PETMATCH_PROPOSED]: Sahar3 proposed the PetMatch object with ID{32}
Mon Aug 12 23:22:36 2013 [ACTIVITY_PETMATCH_PROPOSED]: Sahar3 proposed the PetMatch object with ID{34}
Mon Aug 12 23:22:37 2013 [ACTIVITY_PETMATCH_PROPOSED]: Sahar3 proposed the PetMatch object with ID{61}
Mon Aug 12 23:22:37 2013 [ACTIVITY_PETMATCH_PROPOSED]: Sahar3 proposed the PetMatch object with ID{66}
Mon Aug 12 23:22:37 2013 [ACTIVITY_PETMATCH_PROPOSED]: Sahar3 proposed the PetMatch object with ID{69}
Mon Aug 12 23:22:37 2013 [ACTIVITY_PETMATCH_PROPOSED]: Sahar3 proposed the PetMatch object with ID{73}
Mon Aug 12 23:22:38 2013 [ACTIVITY_PETMATCH_PROPOSED]: Sahar3 proposed the PetMatch object with ID{85}
