Mon Aug 12 23:22:31 2013 [ACTIVITY_ACCOUNT_CREATED]: A new UserProfile account was created for {Angela4} with ID{5}
Mon Aug 12 23:22:31 2013 [ACTIVITY_ACCOUNT_CREATED]: A new UserProfile account was created for {Angela4} with ID{5}
Mon Aug 12 23:22:32 2013 [ACTIVITY_PETREPORT_SUBMITTED]: Angela4 submitted the PetReport for {Prince} with ID{3}
Mon Aug 12 23:22:32 2013 [ACTIVITY_PETREPORT_SUBMITTED]: Angela4 submitted the PetReport for {Missy} with ID{10}
Mon Aug 12 23:22:32 2013 [ACTIVITY_PETREPORT_SUBMITTED]: Angela4 submitted the PetReport for {unknown} with ID{34}
Mon Aug 12 23:22:33 2013 [ACTIVITY_PETREPORT_SUBMITTED]: Angela4 submitted the PetReport for {Baby} with ID{53}
Mon Aug 12 23:22:33 2013 [ACTIVITY_PETREPORT_SUBMITTED]: Angela4 submitted the PetReport for {Candy} with ID{66}
Mon Aug 12 23:22:33 2013 [ACTIVITY_PETREPORT_SUBMITTED]: Angela4 submitted the PetReport for {Bentley} with ID{75}
Mon Aug 12 23:22:33 2013 [ACTIVITY_PETREPORT_SUBMITTED]: Angela4 submitted the PetReport for {Marley} with ID{79}
Mon Aug 12 23:22:33 2013 [ACTIVITY_PETREPORT_SUBMITTED]: Angela4 submitted the PetReport for {Candy} with ID{109}
Mon Aug 12 23:22:33 2013 [ACTIVITY_PETREPORT_SUBMITTED]: Angela4 submitted the PetReport for {Princess} with ID{112}
Mon Aug 12 23:22:33 2013 [ACTIVITY_PETREPORT_SUBMITTED]: Angela4 submitted the PetReport for {Libby} with ID{117}
Mon Aug 12 23:22:33 2013 [ACTIVITY_PETREPORT_SUBMITTED]: Angela4 submitted the PetReport for {unknown} with ID{122}
Mon Aug 12 23:22:34 2013 [ACTIVITY_PETREPORT_SUBMITTED]: Angela4 submitted the PetReport for {Dandy} with ID{233}
Mon Aug 12 23:22:34 2013 [ACTIVITY_PETREPORT_SUBMITTED]: Angela4 submitted the PetReport for {Sparky} with ID{237}
Mon Aug 12 23:22:34 2013 [ACTIVITY_PETREPORT_SUBMITTED]: Angela4 submitted the PetReport for {Guss} with ID{257}
Mon Aug 12 23:22:34 2013 [ACTIVITY_PETREPORT_SUBMITTED]: Angela4 submitted the PetReport for {Sydney} with ID{273}
Mon Aug 12 23:22:34 2013 [ACTIVITY_PETREPORT_SUBMITTED]: Angela4 submitted the PetReport for {unknown} with ID{286}
Mon Aug 12 23:22:34 2013 [ACTIVITY_PETREPORT_SUBMITTED]: Angela4 submitted the PetReport for {Prince} with ID{298}
Mon Aug 12 23:22:34 2013 [ACTIVITY_PETREPORT_SUBMITTED]: Angela4 submitted the PetReport for {Scruffy} with ID{299}
Mon Aug 12 23:22:34 2013 [ACTIVITY_PETREPORT_SUBMITTED]: Angela4 submitted the PetReport for {Baby} with ID{300}
Mon Aug 12 23:22:35 2013 [ACTIVITY_PETMATCH_PROPOSED]: Angela4 proposed the PetMatch object with ID{2}
Mon Aug 12 23:22:35 2013 [ACTIVITY_PETMATCH_PROPOSED]: Angela4 proposed the PetMatch object with ID{8}
Mon Aug 12 23:22:35 2013 [ACTIVITY_PETMATCH_PROPOSED]: Angela4 proposed the PetMatch object with ID{11}
Mon Aug 12 23:22:35 2013 [ACTIVITY_PETMATCH_PROPOSED]: Angela4 proposed the PetMatch object with ID{12}
Mon Aug 12 23:22:36 2013 [ACTIVITY_PETMATCH_PROPOSED]: Angela4 proposed the PetMatch object with ID{36}
Mon Aug 12 23:22:37 2013 [ACTIVITY_PETMATCH_PROPOSED]: Angela4 proposed the PetMatch object with ID{55}
Mon Aug 12 23:22:38 2013 [ACTIVITY_PETMATCH_PROPOSED]: Angela4 proposed the PetMatch object with ID{80}
Mon Aug 12 23:22:39 2013 [ACTIVITY_PETMATCH_PROPOSED]: Angela4 proposed the PetMatch object with ID{99}
Mon Aug 12 23:22:39 2013 [ACTIVITY_PETMATCH_PROPOSED]: Angela4 proposed the PetMatch object with ID{100}
