Mon Aug 12 23:22:31 2013 [ACTIVITY_ACCOUNT_CREATED]: A new UserProfile account was created for {Mario5} with ID{6}
Mon Aug 12 23:22:31 2013 [ACTIVITY_ACCOUNT_CREATED]: A new UserProfile account was created for {Mario5} with ID{6}
Mon Aug 12 23:22:32 2013 [ACTIVITY_PETREPORT_SUBMITTED]: Mario5 submitted the PetReport for {unknown} with ID{1}
Mon Aug 12 23:22:32 2013 [ACTIVITY_PETREPORT_SUBMITTED]: Mario5 submitted the PetReport for {Mark} with ID{37}
Mon Aug 12 23:22:33 2013 [ACTIVITY_PETREPORT_SUBMITTED]: Mario5 submitted the PetReport for {unknown} with ID{107}
Mon Aug 12 23:22:33 2013 [ACTIVITY_PETREPORT_SUBMITTED]: Mario5 submitted the PetReport for {Sparky} with ID{135}
Mon Aug 12 23:22:33 2013 [ACTIVITY_PETREPORT_SUBMITTED]: Mario5 submitted the PetReport for {unknown} with ID{140}
Mon Aug 12 23:22:33 2013 [ACTIVITY_PETREPORT_SUBMITTED]: Mario5 submitted the PetReport for {Candy} with ID{158}
Mon Aug 12 23:22:34 2013 [ACTIVITY_PETREPORT_SUBMITTED]: Mario5 submitted the PetReport for {Missy} with ID{189}
Mon Aug 12 23:22:34 2013 [ACTIVITY_PETREPORT_SUBMITTED]: Mario5 submitted the PetReport for {Libby} with ID{207}
Mon Aug 12 23:22:34 2013 [ACTIVITY_PETREPORT_SUBMITTED]: Mario5 submitted the PetReport for {unknown} with ID{229}
Mon Aug 12 23:22:34 2013 [ACTIVITY_PETREPORT_SUBMITTED]: Mario5 submitted the PetReport for {Baby} with ID{246}
Mon Aug 12 23:22:34 2013 [ACTIVITY_PETREPORT_SUBMITTED]: Mario5 submitted the PetReport for {unknown} with ID{261}
Mon Aug 12 23:22:34 2013 [ACTIVITY_PETREPORT_SUBMITTED]: Mario5 submitted the PetReport for {Daisy} with ID{267}
Mon Aug 12 23:22:35 2013 [ACTIVITY_PETMATCH_PROPOSED]: Mario5 proposed the PetMatch object with ID{7}
Mon Aug 12 23:22:35 2013 [ACTIVITY_PETMATCH_PROPOSED]: Mario5 proposed the PetMatch object with ID{18}
Mon Aug 12 23:22:36 2013 [ACTIVITY_PETMATCH_PROPOSED]: Mario5 proposed the PetMatch object with ID{26}
Mon Aug 12 23:22:36 2013 [ACTIVITY_PETMATCH_PROPOSED]: Mario5 proposed the PetMatch object with ID{31}
Mon Aug 12 23:22:37 2013 [ACTIVITY_PETMATCH_PROPOSED]: Mario5 proposed the PetMatch object with ID{57}
Mon Aug 12 23:22:37 2013 [ACTIVITY_PETMATCH_PROPOSED]: Mario5 proposed the PetMatch object with ID{58}
Mon Aug 12 23:22:37 2013 [ACTIVITY_PETMATCH_PROPOSED]: Mario5 proposed the PetMatch object with ID{72}
