Mon Aug 12 23:22:31 2013 [ACTIVITY_ACCOUNT_CREATED]: A new UserProfile account was created for {Mark6} with ID{7}
Mon Aug 12 23:22:31 2013 [ACTIVITY_ACCOUNT_CREATED]: A new UserProfile account was created for {Mark6} with ID{7}
Mon Aug 12 23:22:32 2013 [ACTIVITY_PETREPORT_SUBMITTED]: Mark6 submitted the PetReport for {Apollo} with ID{4}
Mon Aug 12 23:22:32 2013 [ACTIVITY_PETREPORT_SUBMITTED]: Mark6 submitted the PetReport for {Missy} with ID{21}
Mon Aug 12 23:22:32 2013 [ACTIVITY_PETREPORT_SUBMITTED]: Mark6 submitted the PetReport for {Dandy} with ID{40}
Mon Aug 12 23:22:33 2013 [ACTIVITY_PETREPORT_SUBMITTED]: Mark6 submitted the PetReport for {Libby} with ID{58}
Mon Aug 12 23:22:33 2013 [ACTIVITY_PETREPORT_SUBMITTED]: Mark6 submitted the PetReport for {unknown} with ID{100}
Mon Aug 12 23:22:33 2013 [ACTIVITY_PETREPORT_SUBMITTED]: Mark6 submitted the PetReport for {Fousey} with ID{105}
Mon Aug 12 23:22:33 2013 [ACTIVITY_PETREPORT_SUBMITTED]: Mark6 submitted the PetReport for {unknown} with ID{169}
Mon Aug 12 23:22:34 2013 [ACTIVITY_PETREPORT_SUBMITTED]: Mark6 submitted the PetReport for {Toodle} with ID{176}
Mon Aug 12 23:22:34 2013 [ACTIVITY_PETREPORT_SUBMITTED]: Mark6 submitted the PetReport for {Guss} with ID{198}
Mon Aug 12 23:22:34 2013 [ACTIVITY_PETREPORT_SUBMITTED]: Mark6 submitted the PetReport for {unknown} with ID{208}
Mon Aug 12 23:22:34 2013 [ACTIVITY_PETREPORT_SUBMITTED]: Mark6 submitted the PetReport for {Candy} with ID{251}
Mon Aug 12 23:22:34 2013 [ACTIVITY_PETREPORT_SUBMITTED]: Mark6 submitted the PetReport for {Sparky} with ID{259}
Mon Aug 12 23:22:34 2013 [ACTIVITY_PETREPORT_SUBMITTED]: Mark6 submitted the PetReport for {Princess} with ID{296}
Mon Aug 12 23:22:35 2013 [ACTIVITY_PETMATCH_PROPOSED]: Mark6 proposed the PetMatch object with ID{10}
Mon Aug 12 23:22:35 2013 [ACTIVITY_PETMATCH_PROPOSED]: Mark6 proposed the PetMatch object with ID{14}
Mon Aug 12 23:22:35 2013 [ACTIVITY_PETMATCH_PROPOSED]: Mark6 proposed the PetMatch object with ID{15}
Mon Aug 12 23:22:35 2013 [ACTIVITY_PETMATCH_PROPOSED]: Mark6 proposed the PetMatch object with ID{16}
Mon Aug 12 23:22:36 2013 [ACTIVITY_PETMATCH_PROPOSED]: Mark6 proposed the PetMatch object with ID{38}
Mon Aug 12 23:22:37 2013 [ACTIVITY_PETMATCH_PROPOSED]: Mark6 proposed the PetMatch object with ID{59}
Mon Aug 12 23:22:37 2013 [ACTIVITY_PETMATCH_PROPOSED]: Mark6 proposed the PetMatch object with ID{64}
Mon Aug 12 23:22:38 2013 [ACTIVITY_PETMATCH_PROPOSED]: Mark6 proposed the PetMatch object with ID{74}
Mon Aug 12 23:22:38 2013 [ACTIVITY_PETMATCH_PROPOSED]: Mark6 proposed the PetMatch object with ID{78}
Mon Aug 12 23:22:38 2013 [ACTIVITY_PETMATCH_PROPOSED]: Mark6 proposed the PetMatch object with ID{88}
