Mon Aug 12 23:22:31 2013 [ACTIVITY_ACCOUNT_CREATED]: A new UserProfile account was created for {Jacob7} with ID{8}
Mon Aug 12 23:22:31 2013 [ACTIVITY_ACCOUNT_CREATED]: A new UserProfile account was created for {Jacob7} with ID{8}
Mon Aug 12 23:22:32 2013 [ACTIVITY_PETREPORT_SUBMITTED]: Jacob7 submitted the PetReport for {unknown} with ID{25}
Mon Aug 12 23:22:33 2013 [ACTIVITY_PETREPORT_SUBMITTED]: Jacob7 submitted the PetReport for {Baby} with ID{42}
Mon Aug 12 23:22:33 2013 [ACTIVITY_PETREPORT_SUBMITTED]: Jacob7 submitted the PetReport for {Bentley} with ID{84}
Mon Aug 12 23:22:33 2013 [ACTIVITY_PETREPORT_SUBMITTED]: Jacob7 submitted the PetReport for {Candy} with ID{111}
Mon Aug 12 23:22:33 2013 [ACTIVITY_PETREPORT_SUBMITTED]: Jacob7 submitted the PetReport for {Candy} with ID{126}
Mon Aug 12 23:22:33 2013 [ACTIVITY_PETREPORT_SUBMITTED]: Jacob7 submitted the PetReport for {Sydney} with ID{134}
Mon Aug 12 23:22:33 2013 [ACTIVITY_PETREPORT_SUBMITTED]: Jacob7 submitted the PetReport for {unknown} with ID{146}
Mon Aug 12 23:22:33 2013 [ACTIVITY_PETREPORT_SUBMITTED]: Jacob7 submitted the PetReport for {Prince} with ID{147}
Mon Aug 12 23:22:33 2013 [ACTIVITY_PETREPORT_SUBMITTED]: Jacob7 submitted the PetReport for {Princess} with ID{149}
Mon Aug 12 23:22:33 2013 [ACTIVITY_PETREPORT_SUBMITTED]: Jacob7 submitted the PetReport for {Marley} with ID{168}
Mon Aug 12 23:22:34 2013 [ACTIVITY_PETREPORT_SUBMITTED]: Jacob7 submitted the PetReport for {unknown} with ID{177}
Mon Aug 12 23:22:34 2013 [ACTIVITY_PETREPORT_SUBMITTED]: Jacob7 submitted the PetReport for {Fousey} with ID{182}
Mon Aug 12 23:22:34 2013 [ACTIVITY_PETREPORT_SUBMITTED]: Jacob7 submitted the PetReport for {Marley} with ID{183}
Mon Aug 12 23:22:34 2013 [ACTIVITY_PETREPORT_SUBMITTED]: Jacob7 submitted the PetReport for {unknown} with ID{186}
Mon Aug 12 23:22:34 2013 [ACTIVITY_PETREPORT_SUBMITTED]: Jacob7 submitted the PetReport for {Nugget} with ID{192}
Mon Aug 12 23:22:34 2013 [ACTIVITY_PETREPORT_SUBMITTED]: Jacob7 submitted the PetReport for {unknown} with ID{206}
Mon Aug 12 23:22:34 2013 [ACTIVITY_PETREPORT_SUBMITTED]: Jacob7 submitted the PetReport for {Dandy} with ID{224}
Mon Aug 12 23:22:34 2013 [ACTIVITY_PETREPORT_SUBMITTED]: Jacob7 submitted the PetReport for {Candy} with ID{236}
Mon Aug 12 23:22:34 2013 [ACTIVITY_PETREPORT_SUBMITTED]: Jacob7 submitted the PetReport for {Prince} with ID{240}
Mon Aug 12 23:22:34 2013 [ACTIVITY_PETREPORT_SUBMITTED]: Jacob7 submitted the PetReport for {Nugget} with ID{254}
Mon Aug 12 23:22:34 2013 [ACTIVITY_PETREPORT_SUBMITTED]: Jacob7 submitted the PetReport for {unknown} with ID{266}
Mon Aug 12 23:22:34 2013 [ACTIVITY_PETREPORT_SUBMITTED]: Jacob7 submitted the PetReport for {Nugget} with ID{276}
Mon Aug 12 23:22:34 2013 [ACTIVITY_PETREPORT_SUBMITTED]: Jacob7 submitted the PetReport for {Prince} with ID{285}
Mon Aug 12 23:22:35 2013 [ACTIVITY_PETMATCH_PROPOSED]: Jacob7 proposed the PetMatch object with ID{3}
Mon Aug 12 23:22:35 2013 [ACTIVITY_PETMATCH_PROPOSED]: Jacob7 proposed the PetMatch object with ID{6}
Mon Aug 12 23:22:35 2013 [ACTIVITY_PETMATCH_PROPOSED]: Jacob7 proposed the PetMatch object with ID{19}
Mon Aug 12 23:22:38 2013 [ACTIVITY_PETMATCH_PROPOSED]: Jacob7 proposed the PetMatch object with ID{81}
Mon Aug 12 23:22:38 2013 [ACTIVITY_PETMATCH_PROPOSED]: Jacob7 proposed the PetMatch object with ID{86}
