Mon Aug 12 23:22:32 2013 [ACTIVITY_ACCOUNT_CREATED]: A new UserProfile account was created for {Abe8} with ID{9}
Mon Aug 12 23:22:32 2013 [ACTIVITY_ACCOUNT_CREATED]: A new UserProfile account was created for {Abe8} with ID{9}
Mon Aug 12 23:22:32 2013 [ACTIVITY_PETREPORT_SUBMITTED]: Abe8 submitted the PetReport for {Nugget} with ID{23}
Mon Aug 12 23:22:32 2013 [ACTIVITY_PETREPORT_SUBMITTED]: Abe8 submitted the PetReport for {unknown} with ID{26}
Mon Aug 12 23:22:32 2013 [ACTIVITY_PETREPORT_SUBMITTED]: Abe8 submitted the PetReport for {unknown} with ID{28}
Mon Aug 12 23:22:32 2013 [ACTIVITY_PETREPORT_SUBMITTED]: Abe8 submitted the PetReport for {unknown} with ID{36}
Mon Aug 12 23:22:33 2013 [ACTIVITY_PETREPORT_SUBMITTED]: Abe8 submitted the PetReport for {Missy} with ID{45}
Mon Aug 12 23:22:33 2013 [ACTIVITY_PETREPORT_SUBMITTED]: Abe8 submitted the PetReport for {Fousey} with ID{71}
Mon Aug 12 23:22:33 2013 [ACTIVITY_PETREPORT_SUBMITTED]: Abe8 submitted the PetReport for {unknown} with ID{82}
Mon Aug 12 23:22:33 2013 [ACTIVITY_PETREPORT_SUBMITTED]: Abe8 submitted the PetReport for {unknown} with ID{92}
Mon Aug 12 23:22:33 2013 [ACTIVITY_PETREPORT_SUBMITTED]: Abe8 submitted the PetReport for {Candy} with ID{104}
Mon Aug 12 23:22:33 2013 [ACTIVITY_PETREPORT_SUBMITTED]: Abe8 submitted the PetReport for {Fousey} with ID{116}
Mon Aug 12 23:22:33 2013 [ACTIVITY_PETREPORT_SUBMITTED]: Abe8 submitted the PetReport for {unknown} with ID{153}
Mon Aug 12 23:22:33 2013 [ACTIVITY_PETREPORT_SUBMITTED]: Abe8 submitted the PetReport for {unknown} with ID{170}
Mon Aug 12 23:22:34 2013 [ACTIVITY_PETREPORT_SUBMITTED]: Abe8 submitted the PetReport for {unknown} with ID{175}
Mon Aug 12 23:22:34 2013 [ACTIVITY_PETREPORT_SUBMITTED]: Abe8 submitted the PetReport for {Guss} with ID{184}
Mon Aug 12 23:22:34 2013 [ACTIVITY_PETREPORT_SUBMITTED]: Abe8 submitted the PetReport for {Libby} with ID{191}
Mon Aug 12 23:22:34 2013 [ACTIVITY_PETREPORT_SUBMITTED]: Abe8 submitted the PetReport for {Missy} with ID{199}
Mon Aug 12 23:22:34 2013 [ACTIVITY_PETREPORT_SUBMITTED]: Abe8 submitted the PetReport for {Mark} with ID{217}
Mon Aug 12 23:22:34 2013 [ACTIVITY_PETREPORT_SUBMITTED]: Abe8 submitted the PetReport for {Mark} with ID{218}
Mon Aug 12 23:22:34 2013 [ACTIVITY_PETREPORT_SUBMITTED]: Abe8 submitted the PetReport for {unknown} with ID{223}
Mon Aug 12 23:22:34 2013 [ACTIVITY_PETREPORT_SUBMITTED]: Abe8 submitted the PetReport for {Toodle} with ID{231}
Mon Aug 12 23:22:34 2013 [ACTIVITY_PETREPORT_SUBMITTED]: Abe8 submitted the PetReport for {unknown} with ID{241}
Mon Aug 12 23:22:34 2013 [ACTIVITY_PETREPORT_SUBMITTED]: Abe8 submitted the PetReport for {Guss} with ID{245}
Mon Aug 12 23:22:35 2013 [ACTIVITY_PETMATCH_PROPOSED]: Abe8 proposed the PetMatch object with ID{4}
Mon Aug 12 23:22:35 2013 [ACTIVITY_PETMATCH_PROPOSED]: Abe8 proposed the PetMatch object with ID{13}
Mon Aug 12 23:22:36 2013 [ACTIVITY_PETMATCH_PROPOSED]: Abe8 proposed the PetMatch object with ID{37}
Mon Aug 12 23:22:38 2013 [ACTIVITY_PETMATCH_PROPOSED]: Abe8 proposed the PetMatch object with ID{95}
Mon Aug 12 23:22:45 2013 [ACTIVITY_LOGIN]: Abe8 with ID{9} logged in to the system
Mon Aug 12 23:27:36 2013 [ACTIVITY_PETMATCH_PROPOSED]: Abe8 proposed the PetMatch object with ID{101}
Mon Aug 12 23:43:48 2013 [ACTIVITY_PETREPORT_SUBMITTED]: Abe8 submitted the PetReport for {unknown} with ID{301}
Mon Aug 12 23:44:00 2013 [ACTIVITY_PETREPORT_SUBMITTED]: Abe8 submitted the PetReport for {unknown} with ID{302}
Mon Aug 12 23:44:56 2013 [ACTIVITY_LOGOUT]: Abe8 with ID{9} logged out of the system
