Sat Dec  8 22:54:18 2012 [_FOLLOWING]: mbarrenecheajr has followed {Abby42} with ID{95}
Sat Dec  8 22:54:18 2012 [_FOLLOWING]: mbarrenecheajr has followed {Daniel40} with ID{93}
Sat Dec  8 22:54:18 2012 [_FOLLOWING]: mbarrenecheajr has followed {mario} with ID{52}
Sat Dec  8 22:54:18 2012 [_FOLLOWING]: mbarrenecheajr has followed {Chris36} with ID{89}
Sat Dec  8 22:54:18 2012 [_FOLLOWING]: mbarrenecheajr has followed {Olivia10} with ID{63}
Sat Dec  8 22:54:18 2012 [_FOLLOWING]: mbarrenecheajr has followed {Mario21} with ID{74}
Sat Dec  8 22:54:18 2012 [_FOLLOWING]: mbarrenecheajr has followed {Daniel22} with ID{75}
Sat Dec  8 22:54:18 2012 [_FOLLOWING]: mbarrenecheajr has followed {Kenneth24} with ID{77}
Sat Dec  8 22:54:18 2012 [_FOLLOWING]: mbarrenecheajr has followed {Mario17} with ID{70}
Sat Dec  8 22:54:18 2012 [_FOLLOWING]: mbarrenecheajr has followed {Andrew25} with ID{78}
Sat Dec  8 22:54:18 2012 [_FOLLOWING]: mbarrenecheajr has followed {Ken6} with ID{59}
Sat Dec  8 22:54:18 2012 [_FOLLOWING]: mbarrenecheajr has followed {Kenneth11} with ID{64}
Sat Dec  8 22:54:18 2012 [_FOLLOWING]: mbarrenecheajr has followed {Leysia18} with ID{71}
Sat Dec  8 22:54:18 2012 [_FOLLOWING]: mbarrenecheajr has followed {Leysia43} with ID{96}
Sat Dec  8 22:54:18 2012 [_FOLLOWING]: mbarrenecheajr has followed {Ken32} with ID{85}
Sat Dec  8 22:54:18 2012 [_FOLLOWING]: mbarrenecheajr has followed {Kenneth9} with ID{62}
Sat Dec  8 22:54:18 2012 [_FOLLOWER]: mbarrenecheajr has been followed by {Ken6} with ID{59}
Sat Dec  8 22:54:18 2012 [_FOLLOWER]: mbarrenecheajr has been followed by {Dave13} with ID{66}
Sat Dec  8 22:54:18 2012 [_FOLLOWER]: mbarrenecheajr has been followed by {Angela15} with ID{68}
Sat Dec  8 22:54:19 2012 [_FOLLOWER]: mbarrenecheajr has been followed by {Matthew23} with ID{76}
Sat Dec  8 22:54:19 2012 [_FOLLOWER]: mbarrenecheajr has been followed by {Kenneth24} with ID{77}
Sat Dec  8 22:54:19 2012 [_FOLLOWER]: mbarrenecheajr has been followed by {Isabella33} with ID{86}
Sat Dec  8 22:54:19 2012 [_FOLLOWER]: mbarrenecheajr has been followed by {Chris36} with ID{89}
Sat Dec  8 22:54:19 2012 [_FOLLOWER]: mbarrenecheajr has been followed by {Amrutha37} with ID{90}
Sat Dec  8 22:54:20 2012 [_FOLLOWER]: mbarrenecheajr has been followed by {Daniel38} with ID{91}
Sat Dec  8 22:54:20 2012 [_FOLLOWER]: mbarrenecheajr has been followed by {Abby39} with ID{92}
Sat Dec  8 22:54:20 2012 [_FOLLOWER]: mbarrenecheajr has been followed by {Isabella41} with ID{94}
Sat Dec  8 22:54:20 2012 [_FOLLOWER]: mbarrenecheajr has been followed by {Leysia43} with ID{96}
Sat Dec  8 22:54:20 2012 [_FOLLOWER]: mbarrenecheajr has been followed by {Daniel48} with ID{101}
Sat Dec  8 22:55:59 2012 [_FOLLOWING]: mbarrenecheajr has followed {Isabella37} with ID{90}
Sat Dec  8 22:55:59 2012 [_FOLLOWING]: mbarrenecheajr has followed {Dave21} with ID{74}
Sat Dec  8 22:55:59 2012 [_FOLLOWING]: mbarrenecheajr has followed {Olivia47} with ID{100}
Sat Dec  8 22:55:59 2012 [_FOLLOWING]: mbarrenecheajr has followed {Olivia28} with ID{81}
Sat Dec  8 22:55:59 2012 [_FOLLOWING]: mbarrenecheajr has followed {Olivia1} with ID{54}
Sat Dec  8 22:55:59 2012 [_FOLLOWING]: mbarrenecheajr has followed {Joshua39} with ID{92}
Sat Dec  8 22:55:59 2012 [_FOLLOWING]: mbarrenecheajr has followed {Matthew41} with ID{94}
Sat Dec  8 22:55:59 2012 [_FOLLOWING]: mbarrenecheajr has followed {Mario3} with ID{56}
Sat Dec  8 22:55:59 2012 [_FOLLOWING]: mbarrenecheajr has followed {Leysia44} with ID{97}
Sat Dec  8 22:55:59 2012 [_FOLLOWING]: mbarrenecheajr has followed {Abby35} with ID{88}
Sat Dec  8 22:55:59 2012 [_FOLLOWING]: mbarrenecheajr has followed {Madison25} with ID{78}
Sat Dec  8 22:55:59 2012 [_FOLLOWING]: mbarrenecheajr has followed {Madison46} with ID{99}
Sat Dec  8 22:55:59 2012 [_FOLLOWING]: mbarrenecheajr has followed {Jacob9} with ID{62}
Sat Dec  8 22:55:59 2012 [_FOLLOWING]: mbarrenecheajr has followed {Joshua22} with ID{75}
Sat Dec  8 22:55:59 2012 [_FOLLOWING]: mbarrenecheajr has followed {Jacob42} with ID{95}
Sat Dec  8 22:56:00 2012 [_FOLLOWING]: mbarrenecheajr has followed {Ken30} with ID{83}
Sat Dec  8 22:56:00 2012 [_FOLLOWING]: mbarrenecheajr has followed {Madison17} with ID{70}
Sat Dec  8 22:56:00 2012 [_FOLLOWING]: mbarrenecheajr has followed {Angela11} with ID{64}
Sat Dec  8 22:56:00 2012 [_FOLLOWING]: mbarrenecheajr has followed {Leysia0} with ID{53}
Sat Dec  8 22:56:00 2012 [_FOLLOWING]: mbarrenecheajr has followed {Ken20} with ID{73}
Sat Dec  8 22:56:00 2012 [_FOLLOWING]: mbarrenecheajr has followed {Matthew14} with ID{67}
Sat Dec  8 22:56:00 2012 [_FOLLOWING]: mbarrenecheajr has followed {Matthew24} with ID{77}
Sat Dec  8 22:56:00 2012 [_FOLLOWING]: mbarrenecheajr has followed {Kenneth18} with ID{71}
Sat Dec  8 22:56:00 2012 [_FOLLOWING]: mbarrenecheajr has followed {Matthew7} with ID{60}
Sat Dec  8 22:56:00 2012 [_FOLLOWING]: mbarrenecheajr has followed {Jacob19} with ID{72}
Sat Dec  8 22:56:00 2012 [_FOLLOWER]: mbarrenecheajr has been followed by {mario} with ID{52}
Sat Dec  8 22:56:00 2012 [_FOLLOWER]: mbarrenecheajr has been followed by {Mario3} with ID{56}
Sat Dec  8 22:56:00 2012 [_FOLLOWER]: mbarrenecheajr has been followed by {Hannah6} with ID{59}
Sat Dec  8 22:56:00 2012 [_FOLLOWER]: mbarrenecheajr has been followed by {Matthew7} with ID{60}
Sat Dec  8 22:56:00 2012 [_FOLLOWER]: mbarrenecheajr has been followed by {Hannah12} with ID{65}
Sat Dec  8 22:56:00 2012 [_FOLLOWER]: mbarrenecheajr has been followed by {Dave13} with ID{66}
Sat Dec  8 22:56:00 2012 [_FOLLOWER]: mbarrenecheajr has been followed by {Andrew15} with ID{68}
Sat Dec  8 22:56:00 2012 [_FOLLOWER]: mbarrenecheajr has been followed by {Dave21} with ID{74}
Sat Dec  8 22:56:01 2012 [_FOLLOWER]: mbarrenecheajr has been followed by {Joshua22} with ID{75}
Sat Dec  8 22:56:01 2012 [_FOLLOWER]: mbarrenecheajr has been followed by {Ken30} with ID{83}
Sat Dec  8 22:56:01 2012 [_FOLLOWER]: mbarrenecheajr has been followed by {Isabella37} with ID{90}
Sat Dec  8 22:56:01 2012 [_FOLLOWER]: mbarrenecheajr has been followed by {Joshua39} with ID{92}
Sat Dec  8 22:56:01 2012 [_FOLLOWER]: mbarrenecheajr has been followed by {Madison46} with ID{99}
Sat Dec  8 22:56:01 2012 [_FOLLOWER]: mbarrenecheajr has been followed by {Olivia47} with ID{100}
Sat Dec  8 22:56:21 2012 [_FOLLOWING]: mbarrenecheajr has followed {Daniel2} with ID{55}
Sat Dec  8 22:56:21 2012 [_FOLLOWING]: mbarrenecheajr has followed {Dave23} with ID{76}
Sat Dec  8 22:56:21 2012 [_FOLLOWING]: mbarrenecheajr has followed {Madison49} with ID{102}
Sat Dec  8 22:56:21 2012 [_FOLLOWING]: mbarrenecheajr has followed {Sahar26} with ID{79}
Sat Dec  8 22:56:21 2012 [_FOLLOWING]: mbarrenecheajr has followed {Olivia3} with ID{56}
Sat Dec  8 22:56:21 2012 [_FOLLOWING]: mbarrenecheajr has followed {Leysia40} with ID{93}
Sat Dec  8 22:56:21 2012 [_FOLLOWING]: mbarrenecheajr has followed {Jacob17} with ID{70}
Sat Dec  8 22:56:21 2012 [_FOLLOWING]: mbarrenecheajr has followed {Emily12} with ID{65}
Sat Dec  8 22:56:21 2012 [_FOLLOWING]: mbarrenecheajr has followed {Isabella1} with ID{54}
Sat Dec  8 22:56:21 2012 [_FOLLOWING]: mbarrenecheajr has followed {Andrew48} with ID{101}
Sat Dec  8 22:56:21 2012 [_FOLLOWING]: mbarrenecheajr has followed {Mario35} with ID{88}
Sat Dec  8 22:56:21 2012 [_FOLLOWING]: mbarrenecheajr has followed {Sahar32} with ID{85}
Sat Dec  8 22:56:21 2012 [_FOLLOWING]: mbarrenecheajr has followed {Matthew41} with ID{94}
Sat Dec  8 22:56:21 2012 [_FOLLOWER]: mbarrenecheajr has been followed by {Emily4} with ID{57}
Sat Dec  8 22:56:21 2012 [_FOLLOWER]: mbarrenecheajr has been followed by {Daniel7} with ID{60}
Sat Dec  8 22:56:21 2012 [_FOLLOWER]: mbarrenecheajr has been followed by {Sahar9} with ID{62}
Sat Dec  8 22:56:21 2012 [_FOLLOWER]: mbarrenecheajr has been followed by {Andrew13} with ID{66}
