Sat Dec  8 22:54:18 2012 [_FOLLOWER]: mario has been followed by {mbarrenecheajr} with ID{1}
Sat Dec  8 22:54:18 2012 [_FOLLOWING]: mario has followed {Daniel48} with ID{101}
Sat Dec  8 22:54:18 2012 [_FOLLOWING]: mario has followed {Sahar44} with ID{97}
Sat Dec  8 22:54:18 2012 [_FOLLOWER]: mario has been followed by {Joshua0} with ID{53}
Sat Dec  8 22:54:18 2012 [_FOLLOWER]: mario has been followed by {Olivia1} with ID{54}
Sat Dec  8 22:54:18 2012 [_FOLLOWER]: mario has been followed by {Chris3} with ID{56}
Sat Dec  8 22:54:18 2012 [_FOLLOWER]: mario has been followed by {Hannah4} with ID{57}
Sat Dec  8 22:54:18 2012 [_FOLLOWER]: mario has been followed by {Angela15} with ID{68}
Sat Dec  8 22:54:19 2012 [_FOLLOWER]: mario has been followed by {Leysia18} with ID{71}
Sat Dec  8 22:54:19 2012 [_FOLLOWER]: mario has been followed by {Madison19} with ID{72}
Sat Dec  8 22:54:19 2012 [_FOLLOWER]: mario has been followed by {Andrew25} with ID{78}
Sat Dec  8 22:54:19 2012 [_FOLLOWER]: mario has been followed by {Abe28} with ID{81}
Sat Dec  8 22:54:19 2012 [_FOLLOWER]: mario has been followed by {Jacob31} with ID{84}
Sat Dec  8 22:54:19 2012 [_FOLLOWER]: mario has been followed by {Jacob34} with ID{87}
Sat Dec  8 22:54:20 2012 [_FOLLOWER]: mario has been followed by {Abby39} with ID{92}
Sat Dec  8 22:54:20 2012 [_FOLLOWER]: mario has been followed by {Leysia43} with ID{96}
Sat Dec  8 22:54:31 2012 [PETMATCH_PROPOSED]: mario proposed the PetMatch object with ID{4}
Sat Dec  8 22:54:33 2012 [PETMATCH_PROPOSED]: mario proposed the PetMatch object with ID{35}
Sat Dec  8 22:56:00 2012 [_FOLLOWING]: mario has followed {Mario5} with ID{58}
Sat Dec  8 22:56:00 2012 [_FOLLOWING]: mario has followed {Ken20} with ID{73}
Sat Dec  8 22:56:00 2012 [_FOLLOWING]: mario has followed {Angela11} with ID{64}
Sat Dec  8 22:56:00 2012 [_FOLLOWING]: mario has followed {Madison46} with ID{99}
Sat Dec  8 22:56:00 2012 [_FOLLOWING]: mario has followed {Sahar26} with ID{79}
Sat Dec  8 22:56:00 2012 [_FOLLOWING]: mario has followed {Ken38} with ID{91}
Sat Dec  8 22:56:00 2012 [_FOLLOWING]: mario has followed {Hannah12} with ID{65}
Sat Dec  8 22:56:00 2012 [_FOLLOWING]: mario has followed {Leysia44} with ID{97}
Sat Dec  8 22:56:00 2012 [_FOLLOWING]: mario has followed {Matthew14} with ID{67}
Sat Dec  8 22:56:00 2012 [_FOLLOWING]: mario has followed {Madison27} with ID{80}
Sat Dec  8 22:56:00 2012 [_FOLLOWING]: mario has followed {mbarrenecheajr} with ID{1}
Sat Dec  8 22:56:00 2012 [_FOLLOWING]: mario has followed {Dave21} with ID{74}
Sat Dec  8 22:56:00 2012 [_FOLLOWING]: mario has followed {Kenneth18} with ID{71}
Sat Dec  8 22:56:00 2012 [_FOLLOWING]: mario has followed {Dave29} with ID{82}
Sat Dec  8 22:56:00 2012 [_FOLLOWER]: mario has been followed by {Daniel2} with ID{55}
Sat Dec  8 22:56:00 2012 [_FOLLOWER]: mario has been followed by {Jacob9} with ID{62}
Sat Dec  8 22:56:00 2012 [_FOLLOWER]: mario has been followed by {Hannah12} with ID{65}
Sat Dec  8 22:56:00 2012 [_FOLLOWER]: mario has been followed by {Dave13} with ID{66}
Sat Dec  8 22:56:00 2012 [_FOLLOWER]: mario has been followed by {Kenneth18} with ID{71}
Sat Dec  8 22:56:00 2012 [_FOLLOWER]: mario has been followed by {Dave21} with ID{74}
Sat Dec  8 22:56:00 2012 [_FOLLOWER]: mario has been followed by {Joshua22} with ID{75}
Sat Dec  8 22:56:01 2012 [_FOLLOWER]: mario has been followed by {Dave23} with ID{76}
Sat Dec  8 22:56:01 2012 [_FOLLOWER]: mario has been followed by {Olivia28} with ID{81}
Sat Dec  8 22:56:01 2012 [_FOLLOWER]: mario has been followed by {Ken30} with ID{83}
Sat Dec  8 22:56:01 2012 [_FOLLOWER]: mario has been followed by {Isabella37} with ID{90}
Sat Dec  8 22:56:01 2012 [_FOLLOWER]: mario has been followed by {Daniel40} with ID{93}
Sat Dec  8 22:56:01 2012 [_FOLLOWER]: mario has been followed by {Olivia47} with ID{100}
Sat Dec  8 22:56:21 2012 [_FOLLOWING]: mario has followed {Ken45} with ID{98}
Sat Dec  8 22:56:21 2012 [_FOLLOWING]: mario has followed {Jacob17} with ID{70}
Sat Dec  8 22:56:21 2012 [_FOLLOWING]: mario has followed {Dave39} with ID{92}
Sat Dec  8 22:56:21 2012 [_FOLLOWING]: mario has followed {Emily12} with ID{65}
Sat Dec  8 22:56:21 2012 [_FOLLOWING]: mario has followed {Madison49} with ID{102}
Sat Dec  8 22:56:21 2012 [_FOLLOWING]: mario has followed {Mark11} with ID{64}
Sat Dec  8 22:56:21 2012 [_FOLLOWING]: mario has followed {Amrutha38} with ID{91}
Sat Dec  8 22:56:21 2012 [_FOLLOWING]: mario has followed {Abe43} with ID{96}
Sat Dec  8 22:56:21 2012 [_FOLLOWING]: mario has followed {Isabella10} with ID{63}
Sat Dec  8 22:56:21 2012 [_FOLLOWING]: mario has followed {Sahar9} with ID{62}
Sat Dec  8 22:56:21 2012 [_FOLLOWING]: mario has followed {Sahar5} with ID{58}
Sat Dec  8 22:56:21 2012 [_FOLLOWING]: mario has followed {Dave23} with ID{76}
Sat Dec  8 22:56:21 2012 [_FOLLOWING]: mario has followed {Mario35} with ID{88}
Sat Dec  8 22:56:21 2012 [_FOLLOWING]: mario has followed {Isabella1} with ID{54}
Sat Dec  8 22:56:21 2012 [_FOLLOWING]: mario has followed {Andrew33} with ID{86}
Sat Dec  8 22:56:21 2012 [_FOLLOWING]: mario has followed {Leysia0} with ID{53}
Sat Dec  8 22:56:21 2012 [_FOLLOWING]: mario has followed {Angela21} with ID{74}
Sat Dec  8 22:56:21 2012 [_FOLLOWING]: mario has followed {Sahar26} with ID{79}
Sat Dec  8 22:56:21 2012 [_FOLLOWING]: mario has followed {Abby27} with ID{80}
Sat Dec  8 22:56:21 2012 [_FOLLOWING]: mario has followed {Andrew13} with ID{66}
Sat Dec  8 22:56:21 2012 [_FOLLOWING]: mario has followed {Leysia40} with ID{93}
Sat Dec  8 22:56:21 2012 [_FOLLOWING]: mario has followed {Andrew36} with ID{89}
Sat Dec  8 22:56:21 2012 [_FOLLOWING]: mario has followed {Chris22} with ID{75}
Sat Dec  8 22:56:21 2012 [_FOLLOWER]: mario has been followed by {Daniel2} with ID{55}
Sat Dec  8 22:56:21 2012 [_FOLLOWER]: mario has been followed by {Emily12} with ID{65}
Sat Dec  8 22:56:22 2012 [_FOLLOWER]: mario has been followed by {Dave23} with ID{76}
